  Task5.1.2.cpp
C:\Program Files\Microsoft Visual Studio\2022\Community\VC\Tools\MSVC\14.35.32215\include\variant(13): warning STL4038: The contents of <variant> are available only with C++17 or later.
C:\Users\123\Desktop\CPP-HomeWorks\LessonCPPL-5.1.1\Task5.1.2\Task5.1.2.cpp(14,6): error C2039: "variant": не является членом "std".
C:\Program Files\Microsoft Visual Studio\2022\Community\VC\Tools\MSVC\14.35.32215\include\string(24,1): message : см. объявление "std"
C:\Users\123\Desktop\CPP-HomeWorks\LessonCPPL-5.1.1\Task5.1.2\Task5.1.2.cpp(14,13): error C2065: variant: необъявленный идентификатор
C:\Users\123\Desktop\CPP-HomeWorks\LessonCPPL-5.1.1\Task5.1.2\Task5.1.2.cpp(14,14): error C2062: тип "int" не требуется
C:\Users\123\Desktop\CPP-HomeWorks\LessonCPPL-5.1.1\Task5.1.2\Task5.1.2.cpp(14,37): error C2039: "vector": не является членом "std".
C:\Program Files\Microsoft Visual Studio\2022\Community\VC\Tools\MSVC\14.35.32215\include\string(24,1): message : см. объявление "std"
C:\Users\123\Desktop\CPP-HomeWorks\LessonCPPL-5.1.1\Task5.1.2\Task5.1.2.cpp(14,64): error C2143: синтаксическая ошибка: отсутствие ";" перед "{"
C:\Users\123\Desktop\CPP-HomeWorks\LessonCPPL-5.1.1\Task5.1.2\Task5.1.2.cpp(15,22): warning C4244: аргумент: преобразование "time_t" в "unsigned int", возможна потеря данных
C:\Users\123\Desktop\CPP-HomeWorks\LessonCPPL-5.1.1\Task5.1.2\Task5.1.2.cpp(18,7): error C2039: "variant": не является членом "std".
C:\Program Files\Microsoft Visual Studio\2022\Community\VC\Tools\MSVC\14.35.32215\include\string(24,1): message : см. объявление "std"
C:\Users\123\Desktop\CPP-HomeWorks\LessonCPPL-5.1.1\Task5.1.2\Task5.1.2.cpp(18,14): error C2065: variant: необъявленный идентификатор
C:\Users\123\Desktop\CPP-HomeWorks\LessonCPPL-5.1.1\Task5.1.2\Task5.1.2.cpp(18,15): error C2062: тип "int" не требуется
C:\Users\123\Desktop\CPP-HomeWorks\LessonCPPL-5.1.1\Task5.1.2\Task5.1.2.cpp(18,38): error C2039: "vector": не является членом "std".
C:\Program Files\Microsoft Visual Studio\2022\Community\VC\Tools\MSVC\14.35.32215\include\string(24,1): message : см. объявление "std"
C:\Users\123\Desktop\CPP-HomeWorks\LessonCPPL-5.1.1\Task5.1.2\Task5.1.2.cpp(22,3): error C2065: result: необъявленный идентификатор
C:\Users\123\Desktop\CPP-HomeWorks\LessonCPPL-5.1.1\Task5.1.2\Task5.1.2.cpp(25,3): error C2065: result: необъявленный идентификатор
C:\Users\123\Desktop\CPP-HomeWorks\LessonCPPL-5.1.1\Task5.1.2\Task5.1.2.cpp(28,3): error C2065: result: необъявленный идентификатор
C:\Users\123\Desktop\CPP-HomeWorks\LessonCPPL-5.1.1\Task5.1.2\Task5.1.2.cpp(28,17): error C2039: "vector": не является членом "std".
C:\Program Files\Microsoft Visual Studio\2022\Community\VC\Tools\MSVC\14.35.32215\include\string(24,1): message : см. объявление "std"
C:\Users\123\Desktop\CPP-HomeWorks\LessonCPPL-5.1.1\Task5.1.2\Task5.1.2.cpp(28,23): error C2065: vector: необъявленный идентификатор
C:\Users\123\Desktop\CPP-HomeWorks\LessonCPPL-5.1.1\Task5.1.2\Task5.1.2.cpp(28,24): error C2062: тип "int" не требуется
C:\Users\123\Desktop\CPP-HomeWorks\LessonCPPL-5.1.1\Task5.1.2\Task5.1.2.cpp(28,28): error C2143: синтаксическая ошибка: отсутствие ";" перед "{"
C:\Users\123\Desktop\CPP-HomeWorks\LessonCPPL-5.1.1\Task5.1.2\Task5.1.2.cpp(28,44): error C2143: синтаксическая ошибка: отсутствие ";" перед "}"
C:\Users\123\Desktop\CPP-HomeWorks\LessonCPPL-5.1.1\Task5.1.2\Task5.1.2.cpp(33,9): error C2065: result: необъявленный идентификатор
